{"numTotalTestSuites":2,"numPassedTestSuites":2,"numFailedTestSuites":0,"numPendingTestSuites":0,"numTotalTests":7,"numPassedTests":7,"numFailedTests":0,"numPendingTests":0,"numTodoTests":0,"startTime":1770524951156,"success":true,"testResults":[{"assertionResults":[{"ancestorTitles":["","AgentFundingPanel"],"fullName":" AgentFundingPanel should display agent and user balances","status":"passed","title":"should display agent and user balances","duration":18,"failureMessages":[]},{"ancestorTitles":["","AgentFundingPanel"],"fullName":" AgentFundingPanel should validate amount is positive and non-zero","status":"passed","title":"should validate amount is positive and non-zero","duration":10,"failureMessages":[]},{"ancestorTitles":["","AgentFundingPanel"],"fullName":" AgentFundingPanel should validate sufficient balance","status":"passed","title":"should validate sufficient balance","duration":4,"failureMessages":[]},{"ancestorTitles":["","AgentFundingPanel"],"fullName":" AgentFundingPanel should handle successful funding transaction","status":"passed","title":"should handle successful funding transaction","duration":69,"failureMessages":[]},{"ancestorTitles":["","AgentFundingPanel"],"fullName":" AgentFundingPanel should display error when wallet not connected","status":"passed","title":"should display error when wallet not connected","duration":14,"failureMessages":[]},{"ancestorTitles":["","AgentFundingPanel"],"fullName":" AgentFundingPanel should display error when transaction is rejected","status":"passed","title":"should display error when transaction is rejected","duration":12,"failureMessages":[]},{"ancestorTitles":["","AgentFundingPanel"],"fullName":" AgentFundingPanel should update balance on confirmation","status":"passed","title":"should update balance on confirmation","duration":10,"failureMessages":[]}],"startTime":1770524951948,"endTime":1770524952085,"status":"passed","message":"","name":"/home/dj/Projects/Project_Cygnus/dashboard/src/components/AgentFundingPanel.test.jsx"}]}
