{"numTotalTestSuites":4,"numPassedTestSuites":4,"numFailedTestSuites":0,"numPendingTestSuites":0,"numTotalTests":2,"numPassedTests":1,"numFailedTests":1,"numPendingTests":0,"numTodoTests":0,"startTime":1770525437976,"success":false,"testResults":[{"assertionResults":[{"ancestorTitles":["","WalletConnector - Property-Based Tests","3.1 Property test for message exclusivity"],"fullName":" WalletConnector - Property-Based Tests 3.1 Property test for message exclusivity Property 1: Message Exclusivity - Install_Prompt and error message SHALL NOT both be visible simultaneously when no wallets available","status":"passed","title":"Property 1: Message Exclusivity - Install_Prompt and error message SHALL NOT both be visible simultaneously when no wallets available","duration":270,"failureMessages":[]},{"ancestorTitles":["","3.2 Property test for no error state on empty wallets"],"fullName":" 3.2 Property test for no error state on empty wallets Property 2: No Error State for Empty Wallets - error state SHALL remain null after detection with empty wallet array","status":"failed","title":"Property 2: No Error State for Empty Wallets - error state SHALL remain null after detection with empty wallet array","duration":1,"failureMessages":["Property failed after 1 tests\n{ seed: 170430398, path: \"0\", endOnFailure: true }\nCounterexample: [[]]\nShrunk 0 time(s)\nGot ReferenceError: mockWalletService is not defined\n    at /home/dj/Projects/Project_Cygnus/dashboard/src/components/WalletConnector.property.test.jsx:129:13\n    at AsyncProperty.predicate (file:///home/dj/Projects/Project_Cygnus/dashboard/node_modules/fast-check/lib/esm/check/property/AsyncProperty.js:14:59)\n    at AsyncProperty.run (file:///home/dj/Projects/Project_Cygnus/dashboard/node_modules/fast-check/lib/esm/check/property/AsyncProperty.generic.js:46:39)\n    at asyncRunIt (file:///home/dj/Projects/Project_Cygnus/dashboard/node_modules/fast-check/lib/esm/check/runner/Runner.js:33:36)\n    at runNextTicks (node:internal/process/task_queues:65:5)\n    at listOnTimeout (node:internal/timers:567:9)\n    at processTimers (node:internal/timers:541:7)\n    at /home/dj/Projects/Project_Cygnus/dashboard/src/components/WalletConnector.property.test.jsx:122:7\n    at runTest (file:///home/dj/Projects/Project_Cygnus/dashboard/node_modules/@vitest/runner/dist/index.js:781:11)\n    at runSuite (file:///home/dj/Projects/Project_Cygnus/dashboard/node_modules/@vitest/runner/dist/index.js:909:15)\n\nHint: Enable verbose mode in order to have the list of all failing values encountered during the run"],"location":{"line":129,"column":13}}],"startTime":1770525438744,"endTime":1770525439016,"status":"failed","message":"","name":"/home/dj/Projects/Project_Cygnus/dashboard/src/components/WalletConnector.property.test.jsx"}]}
